<?xml version="1.0" encoding="utf-8"?>
<!DOCTYPE coverage SYSTEM "http://cobertura.sourceforge.net/xml/coverage-04.dtd">
<coverage line-rate="0.423574144486692" branch-rate="0.233152594887684" lines-covered="1114" lines-valid="2630" branches-covered="301" branches-valid="1291" complexity="1097" version="0" timestamp="1673524816">
  <sources />
  <packages>
    <package name="CalcularorLib" line-rate="1" branch-rate="0.916666666666667" complexity="7">
      <classes>
        <class name="CalcularorLib.Calculator" filename="C:\Users\Basil\source\repos\CalculatorApp\CalcularorLib\Calculator.cs" line-rate="1" branch-rate="0.916666666666667" complexity="NaN">
          <methods>
            <method name="Add" signature="(System.Int32,System.Int32)" line-rate="1" branch-rate="0.916666666666667" complexity="NaN">
              <lines>
                <line number="13" hits="4" branch="false" />
                <line number="14" hits="4" branch="true" condition-coverage="100% (4/4)" />
                <line number="15" hits="1" branch="false" />
                <line number="16" hits="3" branch="true" condition-coverage="100% (4/4)" />
                <line number="17" hits="1" branch="false" />
                <line number="18" hits="2" branch="true" condition-coverage="75% (3/4)" />
                <line number="19" hits="1" branch="false" />
                <line number="21" hits="1" branch="false" />
                <line number="22" hits="4" branch="false" />
              </lines>
            </method>
          </methods>
          <lines>
            <line number="13" hits="4" branch="false" />
            <line number="14" hits="4" branch="true" condition-coverage="100% (4/4)" />
            <line number="15" hits="1" branch="false" />
            <line number="16" hits="3" branch="true" condition-coverage="100% (4/4)" />
            <line number="17" hits="1" branch="false" />
            <line number="18" hits="2" branch="true" condition-coverage="75% (3/4)" />
            <line number="19" hits="1" branch="false" />
            <line number="21" hits="1" branch="false" />
            <line number="22" hits="4" branch="false" />
          </lines>
        </class>
      </classes>
    </package>
    <package name="CalculatorLib.Tests" line-rate="1" branch-rate="1" complexity="4">
      <classes>
        <class name="CalculatorLib.Tests.CalculatorTests" filename="C:\Users\Basil\source\repos\CalculatorApp\CalculatorLib.Tests\CalculatorTests.cs" line-rate="1" branch-rate="1" complexity="4">
          <methods>
            <method name="Add_When_Both_Inputs_GreaterThanZero_Returns_ExpectedResult" signature="()" line-rate="1" branch-rate="1" complexity="1">
              <lines>
                <line number="12" hits="1" branch="false" />
                <line number="14" hits="1" branch="false" />
                <line number="16" hits="1" branch="false" />
                <line number="17" hits="1" branch="false" />
                <line number="19" hits="1" branch="false" />
                <line number="24" hits="1" branch="false" />
                <line number="28" hits="1" branch="false" />
                <line number="29" hits="1" branch="false" />
              </lines>
            </method>
            <method name="Add_When_SecondInput_LessThanOrEqualToZero_Returns_NegativeOne" signature="()" line-rate="1" branch-rate="1" complexity="1">
              <lines>
                <line number="32" hits="1" branch="false" />
                <line number="33" hits="1" branch="false" />
                <line number="35" hits="1" branch="false" />
                <line number="36" hits="1" branch="false" />
                <line number="38" hits="1" branch="false" />
                <line number="40" hits="1" branch="false" />
                <line number="42" hits="1" branch="false" />
                <line number="43" hits="1" branch="false" />
              </lines>
            </method>
            <method name="Add_When_FirstInput_LessThanOrEqualToZero_Returns_NegativeTwo" signature="()" line-rate="1" branch-rate="1" complexity="1">
              <lines>
                <line number="47" hits="1" branch="false" />
                <line number="49" hits="1" branch="false" />
                <line number="51" hits="1" branch="false" />
                <line number="52" hits="1" branch="false" />
                <line number="54" hits="1" branch="false" />
                <line number="56" hits="1" branch="false" />
                <line number="58" hits="1" branch="false" />
                <line number="59" hits="1" branch="false" />
              </lines>
            </method>
            <method name="Add_When_BothInputs_LessThanOrEqualToZero_Returns_Zero" signature="()" line-rate="1" branch-rate="1" complexity="1">
              <lines>
                <line number="63" hits="1" branch="false" />
                <line number="65" hits="1" branch="false" />
                <line number="67" hits="1" branch="false" />
                <line number="68" hits="1" branch="false" />
                <line number="70" hits="1" branch="false" />
                <line number="72" hits="1" branch="false" />
                <line number="74" hits="1" branch="false" />
                <line number="75" hits="1" branch="false" />
              </lines>
            </method>
          </methods>
          <lines>
            <line number="12" hits="1" branch="false" />
            <line number="14" hits="1" branch="false" />
            <line number="16" hits="1" branch="false" />
            <line number="17" hits="1" branch="false" />
            <line number="19" hits="1" branch="false" />
            <line number="24" hits="1" branch="false" />
            <line number="28" hits="1" branch="false" />
            <line number="29" hits="1" branch="false" />
            <line number="32" hits="1" branch="false" />
            <line number="33" hits="1" branch="false" />
            <line number="35" hits="1" branch="false" />
            <line number="36" hits="1" branch="false" />
            <line number="38" hits="1" branch="false" />
            <line number="40" hits="1" branch="false" />
            <line number="42" hits="1" branch="false" />
            <line number="43" hits="1" branch="false" />
            <line number="47" hits="1" branch="false" />
            <line number="49" hits="1" branch="false" />
            <line number="51" hits="1" branch="false" />
            <line number="52" hits="1" branch="false" />
            <line number="54" hits="1" branch="false" />
            <line number="56" hits="1" branch="false" />
            <line number="58" hits="1" branch="false" />
            <line number="59" hits="1" branch="false" />
            <line number="63" hits="1" branch="false" />
            <line number="65" hits="1" branch="false" />
            <line number="67" hits="1" branch="false" />
            <line number="68" hits="1" branch="false" />
            <line number="70" hits="1" branch="false" />
            <line number="72" hits="1" branch="false" />
            <line number="74" hits="1" branch="false" />
            <line number="75" hits="1" branch="false" />
          </lines>
        </class>
      </classes>
    </package>
    <package name="NUnit3.TestAdapter" line-rate="0.414445731942835" branch-rate="0.226739640344019" complexity="1086">
      <classes>
        <class name="NUnit.VisualStudio.TestAdapter.AdapterSettings" filename="D:\repos\NUnit\nunit3-vs-adapter\src\NUnitTestAdapter\AdapterSettings.cs" line-rate="1" branch-rate="1" complexity="6">
          <methods>
            <method name="MaxCpuCount" signature="()" line-rate="1" branch-rate="1" complexity="NaN">
              <lines />
            </method>
            <method name="MaxCpuCount" signature="(System.Int32)" line-rate="1" branch-rate="1" complexity="NaN">
              <lines />
            </method>
            <method name="ResultsDirectory" signature="()" line-rate="1" branch-rate="1" complexity="NaN">
              <lines />
            </method>
            <method name="ResultsDirectory" signature="(System.String)" line-rate="1" branch-rate="1" complexity="NaN">
              <lines />
            </method>
            <method name="TargetPlatform" signature="()" line-rate="1" branch-rate="1" complexity="NaN">
              <lines />
            </method>
            <method name="TargetPlatform" signature="(System.String)" line-rate="1" branch-rate="1" complexity="NaN">
              <lines />
            </method>
            <method name="TargetFrameworkVersion" signature="()" line-rate="1" branch-rate="1" complexity="NaN">
              <lines />
            </method>
            <method name="TargetFrameworkVersion" signature="(System.String)" line-rate="1" branch-rate="1" complexity="NaN">
              <lines />
            </method>
            <method name="TestAdapterPaths" signature="()" line-rate="1" branch-rate="1" complexity="NaN">
              <lines />
            </method>
            <method name="TestAdapterPaths" signature="(System.String)" line-rate="1" branch-rate="1" complexity="NaN">
              <lines />
            </method>
            <method name="CollectSourceInformation" signature="()" line-rate="1" branch-rate="1" complexity="NaN">
              <lines />
            </method>
            <method name="CollectSourceInformation" signature="(System.Boolean)" line-rate="1" branch-rate="1" complexity="NaN">
              <lines />
            </method>
            <method name="DisableAppDomain" signature="()" line-rate="1" branch-rate="1" complexity="NaN">
              <lines />
            </method>
            <method name="DisableAppDomain" signature="(System.Boolean)" line-rate="1" branch-rate="1" complexity="NaN">
              <lines />
            </method>
            <method name="DisableParallelization" signature="()" line-rate="1" branch-rate="1" complexity="NaN">
              <lines />
            </method>
            <method name="DisableParallelization" signature="(System.Boolean)" line-rate="1" branch-rate="1" complexity="NaN">
              <lines />
            </method>
            <method name="DesignMode" signature="()" line-rate="1" branch-rate="1" complexity="NaN">
              <lines />
            </method>
            <method name="DesignMode" signature="(System.Boolean)" line-rate="1" branch-rate="1" complexity="NaN">
              <lines />
            </method>
            <method name="TestProperties" signature="()" line-rate="1" branch-rate="1" complexity="NaN">
              <lines />
            </method>
            <method name="TestProperties" signature="(System.Collections.Generic.IDictionary`2&lt;System.String,System.String&gt;)" line-rate="1" branch-rate="1" complexity="NaN">
              <lines />
            </method>
            <method name="InternalTraceLevel" signature="()" line-rate="1" branch-rate="1" complexity="NaN">
              <lines />
            </method>
            <method name="InternalTraceLevel" signature="(System.String)" line-rate="1" branch-rate="1" complexity="NaN">
              <lines />
            </method>
            <method name="InternalTraceLevelEnum" signature="()" line-rate="1" branch-rate="1" complexity="NaN">
              <lines />
            </method>
            <method name="InternalTraceLevelEnum" signature="(NUnit.Engine.InternalTraceLevel)" line-rate="1" branch-rate="1" complexity="NaN">
              <lines />
            </method>
            <method name="WorkDirectory" signature="()" line-rate="1" branch-rate="1" complexity="NaN">
              <lines />
            </method>
            <method name="WorkDirectory" signature="(System.String)" line-rate="1" branch-rate="1" complexity="NaN">
              <lines />
            </method>
            <method name="Where" signature="()" line-rate="1" branch-rate="1" complexity="NaN">
              <lines />
            </method>
            <method name="Where" signature="(System.String)" line-rate="1" branch-rate="1" complexity="NaN">
              <lines />
            </method>
            <method name="TestOutputXml" signature="()" line-rate="1" branch-rate="1" complexity="NaN">
              <lines />
            </method>
            <method name="TestOutputXml" signature="(System.String)" line-rate="1" branch-rate="1" complexity="NaN">
              <lines />
            </method>
            <method name="UseTestOutputXml" signature="()" line-rate="1" branch-rate="1" complexity="NaN">
              <lines />
            </method>
            <method name="OutputXmlFolderMode" signature="()" line-rate="1" branch-rate="1" complexity="NaN">
              <lines />
            </method>
            <method name="OutputXmlFolderMode" signature="(NUnit.VisualStudio.TestAdapter.OutputXmlFolderMode)" line-rate="1" branch-rate="1" complexity="NaN">
              <lines />
            </method>
            <method name="TestOutputFolder" signature="()" line-rate="1" branch-rate="1" complexity="NaN">
              <lines />
            </method>
            <method name="TestOutputFolder" signature="(System.String)" line-rate="1" branch-rate="1" complexity="NaN">
              <lines />
            </method>
            <method name="NewOutputXmlFileForEachRun" signature="()" line-rate="1" branch-rate="1" complexity="NaN">
              <lines />
            </method>
            <method name="NewOutputXmlFileForEachRun" signature="(System.Boolean)" line-rate="1" branch-rate="1" complexity="NaN">
              <lines />
            </method>
            <method name="DefaultTimeout" signature="()" line-rate="1" branch-rate="1" complexity="NaN">
              <lines />
            </method>
            <method name="DefaultTimeout" signature="(System.Int32)" line-rate="1" branch-rate="1" complexity="NaN">
              <lines />
            </method>
            <method name="NumberOfTestWorkers" signature="()" line-rate="1" branch-rate="1" complexity="NaN">
              <lines />
            </method>
            <method name="NumberOfTestWorkers" signature="(System.Int32)" line-rate="1" branch-rate="1" complexity="NaN">
              <lines />
            </method>
            <method name="ShadowCopyFiles" signature="()" line-rate="1" branch-rate="1" complexity="NaN">
              <lines />
            </method>
            <method name="ShadowCopyFiles" signature="(System.Boolean)" line-rate="1" branch-rate="1" complexity="NaN">
              <lines />
            </method>
            <method name="Verbosity" signature="()" line-rate="1" branch-rate="1" complexity="NaN">
              <lines />
            </method>
            <method name="Verbosity" signature="(System.Int32)" line-rate="1" branch-rate="1" complexity="NaN">
              <lines />
            </method>
            <method name="UseVsKeepEngineRunning" signature="()" line-rate="1" branch-rate="1" complexity="NaN">
              <lines />
            </method>
            <method name="UseVsKeepEngineRunning" signature="(System.Boolean)" line-rate="1" branch-rate="1" complexity="NaN">
              <lines />
            </method>
            <method name="BasePath" signature="()" line-rate="1" branch-rate="1" complexity="NaN">
              <lines />
            </method>
            <method name="BasePath" signature="(System.String)" line-rate="1" branch-rate="1" complexity="NaN">
              <lines />
            </method>
            <method name="PrivateBinPath" signature="()" line-rate="1" branch-rate="1" complexity="NaN">
              <lines />
            </method>
            <method name="PrivateBinPath" signature="(System.String)" line-rate="1" branch-rate="1" complexity="NaN">
              <lines />
            </method>
            <method name="RandomSeed" signature="()" line-rate="1" branch-rate="1" complexity="NaN">
              <lines />
            </method>
            <method name="RandomSeed" signature="(System.Nullable`1&lt;System.Int32&gt;)" line-rate="1" branch-rate="1" complexity="NaN">
              <lines />
            </method>
            <method name="RandomSeedSpecified" signature="()" line-rate="1" branch-rate="1" complexity="NaN">
              <lines />
            </method>
            <method name="RandomSeedSpecified" signature="(System.Boolean)" line-rate="1" branch-rate="1" complexity="NaN">
              <lines />
            </method>
            <method name="CollectDataForEachTestSeparately" signature="()" line-rate="1" branch-rate="1" complexity="NaN">
              <lines />
            </method>
            <method name="CollectDataForEachTestSeparately" signature="(System.Boolean)" line-rate="1" branch-rate="1" complexity="NaN">
              <lines />
            </method>
            <method name="InProcDataCollectorsAvailable" signature="()" line-rate="1" branch-rate="1" complexity="NaN">
              <lines />
            </method>
            <method name="InProcDataCollectorsAvailable" signature="(System.Boolean)" line-rate="1" branch-rate="1" complexity="NaN">
              <lines />
            </method>
            <method name="SynchronousEvents" signature="()" line-rate="1" branch-rate="1" complexity="NaN">
              <lines />
            </method>
            <method name="SynchronousEvents" signature="(System.Boolean)" line-rate="1" branch-rate="1" complexity="NaN">
              <lines />
            </method>
            <method name="DomainUsage" signature="()" line-rate="1" branch-rate="1" complexity="NaN">
              <lines />
            </method>
            <method name="DomainUsage" signature="(System.String)" line-rate="1" branch-rate="1" complexity="NaN">
              <lines />
            </method>
            <method name="ShowInternalProperties" signature="()" line-rate="1" branch-rate="1" complexity="NaN">
              <lines />
            </method>
            <method name="ShowInternalProperties" signature="(System.Boolean)" line-rate="1" branch-rate="1" complexity="NaN">
              <lines />
            </method>
            <method name="UseParentFQNForParametrizedTests" signature="()" line-rate="1" branch-rate="1" complexity="NaN">
              <lines />
            </method>
            <method name="UseParentFQNForParametrizedTests" signature="(System.Boolean)" line-rate="1" branch-rate="1" complexity="NaN">
              <lines />
            </method>
            <method name="UseNUnitIdforTestCaseId" signature="()" line-rate="1" branch-rate="1" complexity="NaN">
              <lines />
            </method>
            <method name="UseNUnitIdforTestCaseId" signature="(System.Boolean)" line-rate="1" branch-rate="1" complexity="NaN">
              <lines />
            </method>
            <method name="ConsoleOut" signature="()" line-rate="1" branch-rate="1" complexity="NaN">
              <lines />
            </method>
            <method name="ConsoleOut" signature="(System.Int32)" line-rate="1" branch-rate="1" complexity="NaN">
              <lines />
            </method>
            <method name="StopOnError" signature="()" line-rate="1" branch-rate="1" complexity="NaN">
              <lines />
            </method>
            <method name="StopOnError" signature="(System.Boolean)" line-rate="1" branch-rate="1" complexity="NaN">
              <lines />
            </method>
            <method name="DiscoveryMethod" signature="()" line-rate="1" branch-rate="1" complexity="NaN">
              <lines />
            </method>
            <method name="DiscoveryMethod" signature="(NUnit.VisualStudio.TestAdapter.DiscoveryMethod)" line-rate="1" branch-rate="1" complexity="NaN">
              <lines />
            </method>
            <method name="SkipNonTestAssemblies" signature="()" line-rate="1" branch-rate="1" complexity="NaN">
              <lines />
            </method>
            <method name="SkipNonTestAssemblies" signature="(System.Boolean)" line-rate="1" branch-rate="1" complexity="NaN">
              <lines />
            </method>
            <method name="AssemblySelectLimit" signature="()" line-rate="1" branch-rate="1" complexity="NaN">
              <lines />
            </method>
            <method name="AssemblySelectLimit" signature="(System.Int32)" line-rate="1" branch-rate="1" complexity="NaN">
              <lines />
            </method>
            <method name="UseNUnitFilter" signature="()" line-rate="1" branch-rate="1" complexity="NaN">
              <lines />
            </method>
            <method name="UseNUnitFilter" signature="(System.Boolean)" line-rate="1" branch-rate="1" complexity="NaN">
              <lines />
            </method>
            <method name="IncludeStackTraceForSuites" signature="()" line-rate="1" branch-rate="1" complexity="NaN">
              <lines />
            </method>
            <method name="IncludeStackTraceForSuites" signature="(System.Boolean)" line-rate="1" branch-rate="1" complexity="NaN">
              <lines />
            </method>
            <method name="VsTestCategoryType" signature="()" line-rate="1" branch-rate="1" complexity="NaN">
              <lines />
            </method>
            <method name="VsTestCategoryType" signature="(NUnit.VisualStudio.TestAdapter.VsTestCategoryType)" line-rate="1" branch-rate="1" complexity="NaN">
              <lines />
            </method>
            <method name="DefaultTestNamePattern" signature="()" line-rate="1" branch-rate="1" complexity="NaN">
              <lines />
            </method>
            <method name="DefaultTestNamePattern" signature="(System.String)" line-rate="1" branch-rate="1" complexity="NaN">
              <lines />
            </method>
            <method name="PreFilter" signature="()" line-rate="1" branch-rate="1" complexity="NaN">
              <lines />
            </method>
            <method name="PreFilter" signature="(System.Boolean)" line-rate="1" branch-rate="1" complexity="NaN">
              <lines />
            </method>
            <method name="MapWarningTo" signature="()" line-rate="1" branch-rate="1" complexity="NaN">
              <lines />
            </method>
            <method name="MapWarningTo" signature="(Microsoft.VisualStudio.TestPlatform.ObjectModel.TestOutcome)" line-rate="1" branch-rate="1" complexity="NaN">
              <lines />
            </method>
            <method name="UseTestNameInConsoleOutput" signature="()" line-rate="1" branch-rate="1" complexity="NaN">
              <lines />
            </method>
            <method name="UseTestNameInConsoleOutput" signature="(System.Boolean)" line-rate="1" branch-rate="1" complexity="NaN">
              <lines />
            </method>
            <method name="DisplayName" signature="()" line-rate="1" branch-rate="1" complexity="NaN">
              <lines />
            </method>
            <method name="DisplayName" signature="(NUnit.VisualStudio.TestAdapter.DisplayNameOptions)" line-rate="1" branch-rate="1" complexity="NaN">
              <lines />
            </method>
            <method name="FullnameSeparator" signature="()" line-rate="1" branch-rate="1" complexity="NaN">
              <lines />
            </method>
            <method name="FullnameSeparator" signature="(System.Char)" line-rate="1" branch-rate="1" complexity="NaN">
              <lines />
            </method>
            <method name="ExplicitMode" signature="()" line-rate="1" branch-rate="1" complexity="NaN">
              <lines />
            </method>
            <method name="ExplicitMode" signature="(NUnit.VisualStudio.TestAdapter.ExplicitModeEnum)" line-rate="1" branch-rate="1" complexity="NaN">
              <lines />
            </method>
            <method name="SkipExecutionWhenNoTests" signature="()" line-rate="1" branch-rate="1" complexity="NaN">
              <lines />
            </method>
            <method name="SkipExecutionWhenNoTests" signature="(System.Boolean)" line-rate="1" branch-rate="1" complexity="NaN">
              <lines />
            </method>
            <method name="DumpXmlTestDiscovery" signature="()" line-rate="1" branch-rate="1" complexity="NaN">
              <lines />
            </method>
            <method name="DumpXmlTestDiscovery" signature="(System.Boolean)" line-rate="1" branch-rate="1" complexity="NaN">
              <lines />
            </method>
            <method name="DumpXmlTestResults" signature="()" line-rate="1" branch-rate="1" complexity="NaN">
              <lines />
            </method>
            <method name="DumpXmlTestResults" signature="(System.Boolean)" line-rate="1" branch-rate="1" complexity="NaN">
              <lines />
            </method>
            <method name="DumpVsInput" signature="()" line-rate="1" branch-rate="1" complexity="NaN">
              <lines />
            </method>
            <method name="DumpVsInput" signature="(System.Boolean)" line-rate="1" branch-rate="1" complexity="NaN">
              <lines />
            </method>
            <method name="FreakMode" signature="()" line-rate="1" branch-rate="1" complexity="NaN">
              <lines />
            </method>
            <method name="FreakMode" signature="(System.Boolean)" line-rate="1" branch-rate="1" complexity="NaN">
              <lines />
            </method>
            <method name="Debug" signature="()" line-rate="1" branch-rate="1" complexity="NaN">
              <lines />
            </method>
            <method name="Debug" signature="(System.Boolean)" line-rate="1" branch-rate="1" complexity="NaN">
              <lines />
            </method>
            <method name="DebugExecution" signature="()" line-rate="1" branch-rate="1" complexity="NaN">
              <lines />
            </method>
            <method name="DebugExecution" signature="(System.Boolean)" line-rate="1" branch-rate="1" complexity="NaN">
              <lines />
            </method>
            <method name="DebugDiscovery" signature="()" line-rate="1" branch-rate="1" complexity="NaN">
              <lines />
            </method>
            <method name="DebugDiscovery" signature="(System.Boolean)" line-rate="1" branch-rate="1" complexity="NaN">
              <lines />
            </method>
            <method name="EnsureAttachmentFileScheme" signature="()" line-rate="1" branch-rate="1" complexity="NaN">
              <lines />
            </method>
            <method name="EnsureAttachmentFileScheme" signature="(System.Boolean)" line-rate="1" branch-rate="1" complexity="NaN">
              <lines />
            </method>
            <method name=".ctor" signature="(NUnit.VisualStudio.TestAdapter.ITestLogger)" line-rate="1" branch-rate="1" complexity="NaN">
              <lines />
            </method>
            <method name="Load" signature="(Microsoft.VisualStudio.TestPlatform.ObjectModel.Adapter.IDiscoveryContext,NUnit.VisualStudio.TestAdapter.TestLogger)" line-rate="1" branch-rate="1" complexity="NaN">
              <lines />
            </method>
            <method name="Load" signature="(System.String)" line-rate="1" branch-rate="1" complexity="NaN">
              <lines />
            </method>
            <method name="ParseOutputXml" signature="(System.Xml.XmlNode)" line-rate="1" branch-rate="1" complexity="NaN">
              <lines />
            </method>
            <method name="SetTestOutputFolder" signature="(System.String)" line-rate="1" branch-rate="1" complexity="NaN">
              <lines />
            </method>
            <method name="ExtractNUnitDiagnosticSettings" signature="(System.Xml.XmlNode)" line-rate="1" branch-rate="1" complexity="NaN">
              <lines />
            </method>
            <method name="ParseInternalTraceLevel" signature="(System.String)" line-rate="1" branch-rate="1" complexity="NaN">
              <lines />
            </method>
            <method name="UpdateTestProperties" signature="(System.Xml.XmlDocument)" line-rate="1" branch-rate="1" complexity="NaN">
              <lines />
            </method>
            <method name="ExtractRunConfiguration" signature="(System.Xml.XmlDocument)" line-rate="1" branch-rate="1" complexity="NaN">
              <lines />
            </method>
            <method name="MapTestCategory" signature="(System.String)" line-rate="1" branch-rate="1" complexity="NaN">
              <lines />
            </method>
            <method name="MapDisplayName" signature="(System.String)" line-rate="1" branch-rate="1" complexity="NaN">
              <lines />
            </method>
            <method name="SaveRandomSeed" signature="(System.String)" line-rate="1" branch-rate="1" complexity="NaN">
              <lines />
            </method>
            <method name="RestoreRandomSeed" signature="(System.String)" line-rate="1" branch-rate="1" complexity="NaN">
              <lines />
            </method>
            <method name="UpdateNumberOfTestWorkers" signature="()" line-rate="1" branch-rate="1" complexity="6">
              <lines />
            </method>
            <method name="GetInnerTextWithLog" signature="(System.Xml.XmlNode,System.String,System.String[])" line-rate="1" branch-rate="1" complexity="NaN">
              <lines />
            </method>
            <method name="GetInnerText" signature="(System.Xml.XmlNode,System.String,System.Boolean,System.String[])" line-rate="1" branch-rate="1" complexity="NaN">
              <lines />
            </method>
            <method name="GetInnerTextAsInt" signature="(System.Xml.XmlNode,System.String,System.Int32)" line-rate="1" branch-rate="1" complexity="NaN">
              <lines />
            </method>
            <method name="GetInnerTextAsNullableInt" signature="(System.Xml.XmlNode,System.String,System.Boolean)" line-rate="1" branch-rate="1" complexity="NaN">
              <lines />
            </method>
            <method name="GetInnerTextAsBool" signature="(System.Xml.XmlNode,System.String,System.Boolean)" line-rate="1" branch-rate="1" complexity="NaN">
              <lines />
            </method>
            <method name="Log" signature="(System.String,T)" line-rate="1" branch-rate="1" complexity="NaN">
              <lines />
            </method>
            <method name="MapWarningOutcome" signature="(System.String)" line-rate="1" branch-rate="1" complexity="NaN">
              <lines />
            </method>
            <method name="MapEnum" signature="(System.String,T)" line-rate="1" branch-rate="1" complexity="NaN">
              <lines />
            </method>
          </methods>
          <lines />
        </class>
        <class name="NUnit.VisualStudio.TestAdapter.CategoryList" filename="D:\repos\NUnit\nunit3-vs-adapter\src\NUnitTestAdapter\CategoryList.cs" line-rate="1" branch-rate="1" complexity="5">
          <methods>
            <method name="LastNodeListCount" signature="()" line-rate="1" branch-rate="1" complexity="NaN">
              <lines />
            </method>
            <method name="LastNodeListCount" signature="(System.Int32)" line-rate="1" branch-rate="1" complexity="NaN">
              <lines />
            </method>
            <method name=".ctor" signature="(Microsoft.VisualStudio.TestPlatform.ObjectModel.TestCase,NUnit.VisualStudio.TestAdapter.IAdapterSettings)" line-rate="1" branch-rate="1" complexity="NaN">
              <lines />
            </method>
            <method name="AddRange" signature="(System.Collections.Generic.IEnumerable`1&lt;System.String&gt;)" line-rate="1" branch-rate="1" complexity="NaN">
              <lines />
            </method>
            <method name="ProcessTestCaseProperties" signature="(NUnit.VisualStudio.TestAdapter.NUnitEngine.INUnitTestCasePropertyInfo,System.Boolean,System.String,System.Collections.Generic.IDictionary`2&lt;System.String,NUnit.VisualStudio.TestAdapter.TraitsFeature/CachedTestCaseInfo&gt;)" line-rate="1" branch-rate="1" complexity="NaN">
              <lines />
            </method>
            <method name="IsInternalProperty" signature="(NUnit.VisualStudio.TestAdapter.NUnitEngine.NUnitProperty)" line-rate="1" branch-rate="1" complexity="NaN">
              <lines />
            </method>
            <method name="AddTraitsToCache" signature="(System.Collections.Generic.IDictionary`2&lt;System.String,NUnit.VisualStudio.TestAdapter.TraitsFeature/CachedTestCaseInfo&gt;,System.String,NUnit.VisualStudio.TestAdapter.NUnitEngine.NUnitProperty)" line-rate="1" branch-rate="1" complexity="NaN">
              <lines />
            </method>
            <method name="GetCachedInfo" signature="(System.Collections.Generic.IDictionary`2&lt;System.String,NUnit.VisualStudio.TestAdapter.TraitsFeature/CachedTestCaseInfo&gt;,System.String)" line-rate="1" branch-rate="1" complexity="NaN">
              <lines />
            </method>
            <method name="UpdateCategoriesToVs" signature="()" line-rate="1" branch-rate="1" complexity="4">
              <lines />
            </method>
            <method name=".cctor" signature="()" line-rate="1" branch-rate="1" complexity="1">
              <lines />
            </method>
          </methods>
          <lines />
        </class>
        <class name="NUnit.VisualStudio.TestAdapter.Dump.DumpXml" filename="D:\repos\NUnit\nunit3-vs-adapter\src\NUnitTestAdapter\Dump\DumpXml.cs" line-rate="1" branch-rate="1" complexity="3">
          <methods>
            <method name=".ctor" signature="(System.String,NUnit.VisualStudio.TestAdapter.Dump.IFile)" line-rate="1" branch-rate="1" complexity="NaN">
              <lines />
            </method>
            <method name="Dump2File" signature="(System.String)" line-rate="1" branch-rate="1" complexity="NaN">
              <lines />
            </method>
            <method name="EnsurePathExist" signature="(System.String)" line-rate="1" branch-rate="1" complexity="NaN">
              <lines />
            </method>
            <method name="DumpForDiscovery" signature="()" line-rate="1" branch-rate="1" complexity="1">
              <lines />
            </method>
            <method name="DumpForExecution" signature="()" line-rate="1" branch-rate="1" complexity="1">
              <lines />
            </method>
            <method name="RandomName" signature="()" line-rate="1" branch-rate="1" complexity="1">
              <lines />
            </method>
            <method name="AddTestEvent" signature="(System.String)" line-rate="1" branch-rate="1" complexity="NaN">
              <lines />
            </method>
            <method name="AddString" signature="(System.String)" line-rate="1" branch-rate="1" complexity="NaN">
              <lines />
            </method>
            <method name="DumpVSInputFilter" signature="(NUnit.Engine.TestFilter,System.String)" line-rate="1" branch-rate="1" complexity="NaN">
              <lines />
            </method>
            <method name="DumpVSInput" signature="(System.Collections.Generic.IEnumerable`1&lt;Microsoft.VisualStudio.TestPlatform.ObjectModel.TestCase&gt;)" line-rate="1" branch-rate="1" complexity="NaN">
              <lines />
            </method>
            <method name="DumpVSInput2NUnit" signature="(NUnit.Engine.TestPackage)" line-rate="1" branch-rate="1" complexity="NaN">
              <lines />
            </method>
            <method name="DumpFromVSInput" signature="(System.Linq.IGrouping`2&lt;System.String,Microsoft.VisualStudio.TestPlatform.ObjectModel.TestCase&gt;,NUnit.Engine.TestFilter,NUnit.Engine.TestPackage)" line-rate="1" branch-rate="1" complexity="NaN">
              <lines />
            </method>
            <method name="StartDiscoveryInExecution" signature="(System.Linq.IGrouping`2&lt;System.String,Microsoft.VisualStudio.TestPlatform.ObjectModel.TestCase&gt;,NUnit.Engine.TestFilter,NUnit.Engine.TestPackage)" line-rate="1" branch-rate="1" complexity="NaN">
              <lines />
            </method>
            <method name="StartExecution" signature="(NUnit.Engine.TestFilter,System.String)" line-rate="1" branch-rate="1" complexity="NaN">
              <lines />
            </method>
            <method name="CreateDump" signature="(System.String,System.Linq.IGrouping`2&lt;System.String,Microsoft.VisualStudio.TestPlatform.ObjectModel.TestCase&gt;,NUnit.VisualStudio.TestAdapter.IAdapterSettings)" line-rate="1" branch-rate="1" complexity="NaN">
              <lines />
            </method>
          </methods>
          <lines />
        </class>
        <class name="NUnit.VisualStudio.TestAdapter.Dump.File" filename="D:\repos\NUnit\nunit3-vs-adapter\src\NUnitTestAdapter\Dump\DumpXml.cs" line-rate="1" branch-rate="1" complexity="NaN">
          <methods>
            <method name="WriteAllText" signature="(System.String,System.String)" line-rate="1" branch-rate="1" complexity="NaN">
              <lines />
            </method>
            <method name="DirectoryExist" signature="(System.String)" line-rate="1" branch-rate="1" complexity="NaN">
              <lines />
            </method>
            <method name="CreateDirectory" signature="(System.String)" line-rate="1" branch-rate="1" complexity="NaN">
              <lines />
            </method>
          </methods>
          <lines />
        </class>
        <class name="NUnit.VisualStudio.TestAdapter.Dump.XmlNodeExtension" filename="D:\repos\NUnit\nunit3-vs-adapter\src\NUnitTestAdapter\Dump\XmlNodeExtension.cs" line-rate="1" branch-rate="1" complexity="NaN">
          <methods>
            <method name="AsString" signature="(System.Xml.XmlNode)" line-rate="1" branch-rate="1" complexity="NaN">
              <lines />
            </method>
          </methods>
          <lines />
        </class>
        <class name="NUnit.VisualStudio.TestAdapter.Execution" filename="D:\repos\NUnit\nunit3-vs-adapter\src\NUnitTestAdapter\Execution.cs" line-rate="1" branch-rate="1" complexity="1">
          <methods>
            <method name="TestOutputXmlFolder" signature="()" line-rate="1" branch-rate="1" complexity="NaN">
              <lines />
            </method>
            <method name="TestLog" signature="()" line-rate="1" branch-rate="1" complexity="NaN">
              <lines />
            </method>
            <method name="Settings" signature="()" line-rate="1" branch-rate="1" complexity="NaN">
              <lines />
            </method>
            <method name="Dump" signature="()" line-rate="1" branch-rate="1" complexity="NaN">
              <lines />
            </method>
            <method name="VsTestFilter" signature="()" line-rate="1" branch-rate="1" complexity="NaN">
              <lines />
            </method>
            <method name="NUnitEngineAdapter" signature="()" line-rate="1" branch-rate="1" complexity="NaN">
              <lines />
            </method>
            <method name=".ctor" signature="(NUnit.VisualStudio.TestAdapter.IExecutionContext)" line-rate="1" branch-rate="1" complexity="NaN">
              <lines />
            </method>
            <method name="Run" signature="(NUnit.Engine.TestFilter,NUnit.VisualStudio.TestAdapter.NUnitEngine.DiscoveryConverter,NUnit.VisualStudio.TestAdapter.NUnit3TestExecutor)" line-rate="1" branch-rate="1" complexity="NaN">
              <lines />
            </method>
            <method name="CreateTestFilterBuilder" signature="()" line-rate="1" branch-rate="1" complexity="1">
              <lines />
            </method>
            <method name="CreateConverter" signature="(NUnit.VisualStudio.TestAdapter.NUnitEngine.DiscoveryConverter)" line-rate="1" branch-rate="1" complexity="NaN">
              <lines />
            </method>
            <method name="CheckFilter" signature="(NUnit.Engine.TestFilter,NUnit.VisualStudio.TestAdapter.NUnitEngine.IDiscoveryConverter)" line-rate="1" branch-rate="1" complexity="NaN">
              <lines />
            </method>
          </methods>
          <lines />
        </class>
        <class name="NUnit.VisualStudio.TestAdapter.ExecutionFactory" filename="D:\repos\NUnit\nunit3-vs-adapter\src\NUnitTestAdapter\Execution.cs" line-rate="1" branch-rate="1" complexity="NaN">
          <methods>
            <method name="Create" signature="(NUnit.VisualStudio.TestAdapter.IExecutionContext)" line-rate="1" branch-rate="1" complexity="NaN">
              <lines />
            </method>
          </methods>
          <lines />
        </class>
        <class name="NUnit.VisualStudio.TestAdapter.IdeExecution" filename="D:\repos\NUnit\nunit3-vs-adapter\src\NUnitTestAdapter\Execution.cs" line-rate="1" branch-rate="1" complexity="NaN">
          <methods>
            <method name=".ctor" signature="(NUnit.VisualStudio.TestAdapter.IExecutionContext)" line-rate="1" branch-rate="1" complexity="NaN">
              <lines />
            </method>
            <method name="CheckFilterInCurrentMode" signature="(NUnit.Engine.TestFilter,NUnit.VisualStudio.TestAdapter.NUnitEngine.IDiscoveryConverter)" line-rate="1" branch-rate="1" complexity="NaN">
              <lines />
            </method>
          </methods>
          <lines />
        </class>
        <class name="NUnit.VisualStudio.TestAdapter.Internal.StringExtensions" filename="D:\repos\NUnit\nunit3-vs-adapter\src\NUnitTestAdapter\Internal\Extensions.cs" line-rate="1" branch-rate="1" complexity="NaN">
          <methods>
            <method name="IsNullOrWhiteSpace" signature="(System.String)" line-rate="1" branch-rate="1" complexity="NaN">
              <lines />
            </method>
          </methods>
          <lines />
        </class>
        <class name="NUnit.VisualStudio.TestAdapter.Internal.TimingLogger" filename="D:\repos\NUnit\nunit3-vs-adapter\src\NUnitTestAdapter\Internal\TimingLogger.cs" line-rate="1" branch-rate="1" complexity="2">
          <methods>
            <method name="Stopwatch" signature="()" line-rate="1" branch-rate="1" complexity="NaN">
              <lines />
            </method>
            <method name=".ctor" signature="(NUnit.VisualStudio.TestAdapter.IAdapterSettings,NUnit.VisualStudio.TestAdapter.ITestLogger)" line-rate="1" branch-rate="1" complexity="NaN">
              <lines />
            </method>
            <method name="ReStart" signature="()" line-rate="1" branch-rate="1" complexity="2">
              <lines />
            </method>
            <method name="LogTime" signature="(System.String)" line-rate="1" branch-rate="1" complexity="NaN">
              <lines />
            </method>
          </methods>
          <lines />
        </class>
        <class name="NUnit.VisualStudio.TestAdapter.Internal.TypeExtensions" filename="D:\repos\NUnit\nunit3-vs-adapter\src\NUnitTestAdapter\Internal\Extensions.cs" line-rate="1" branch-rate="1" complexity="NaN">
          <methods>
            <method name="GetTypeInfo" signature="(System.Type)" line-rate="1" branch-rate="1" complexity="NaN">
              <lines />
            </method>
          </methods>
          <lines />
        </class>
        <class name="NUnit.VisualStudio.TestAdapter.Metadata.AppDomainMetadataProvider" filename="D:\repos\NUnit\nunit3-vs-adapter\src\NUnitTestAdapter\Metadata\AppDomainMetadataProvider.cs" line-rate="1" branch-rate="1" complexity="5">
          <methods>
            <method name=".ctor" signature="(System.String,System.String)" line-rate="1" branch-rate="1" complexity="NaN">
              <lines />
            </method>
            <method name="GetHelper" signature="()" line-rate="1" branch-rate="1" complexity="2">
              <lines />
            </method>
            <method name="Dispose" signature="()" line-rate="1" branch-rate="1" complexity="2">
              <lines />
            </method>
            <method name="GetDeclaringType" signature="(System.String,System.String,System.String)" line-rate="1" branch-rate="1" complexity="NaN">
              <lines />
            </method>
            <method name="GetStateMachineType" signature="(System.String,System.String,System.String)" line-rate="1" branch-rate="1" complexity="NaN">
              <lines />
            </method>
            <method name="GetDeclaringType" signature="(System.String,System.String,System.String)" line-rate="1" branch-rate="1" complexity="NaN">
              <lines />
            </method>
            <method name="GetStateMachineType" signature="(System.String,System.String,System.String)" line-rate="1" branch-rate="1" complexity="NaN">
              <lines />
            </method>
            <method name=".ctor" signature="()" line-rate="1" branch-rate="1" complexity="1">
              <lines />
            </method>
          </methods>
          <lines />
        </class>
        <class name="NUnit.VisualStudio.TestAdapter.Metadata.DirectReflectionMetadataProvider" filename="D:\repos\NUnit\nunit3-vs-adapter\src\NUnitTestAdapter\Metadata\DirectReflectionMetadataProvider.cs" line-rate="1" branch-rate="1" complexity="1">
          <methods>
            <method name="GetDeclaringType" signature="(System.String,System.String,System.String)" line-rate="1" branch-rate="1" complexity="NaN">
              <lines />
            </method>
            <method name="GetStateMachineType" signature="(System.String,System.String,System.String)" line-rate="1" branch-rate="1" complexity="NaN">
              <lines />
            </method>
            <method name="TryGetSingleMethod" signature="(System.String,System.String,System.String)" line-rate="1" branch-rate="1" complexity="NaN">
              <lines />
            </method>
            <method name="System.IDisposable.Dispose" signature="()" line-rate="1" branch-rate="1" complexity="1">
              <lines />
            </method>
          </methods>
          <lines />
        </class>
        <class name="NUnit.VisualStudio.TestAdapter.Metadata.TypeInfo" filename="D:\repos\NUnit\nunit3-vs-adapter\src\NUnitTestAdapter\Metadata\TypeInfo.cs" line-rate="1" branch-rate="1" complexity="NaN">
          <methods>
            <method name="AssemblyPath" signature="()" line-rate="1" branch-rate="1" complexity="NaN">
              <lines />
            </method>
            <method name="FullName" signature="()" line-rate="1" branch-rate="1" complexity="NaN">
              <lines />
            </method>
            <method name=".ctor" signature="(System.Type)" line-rate="1" branch-rate="1" complexity="NaN">
              <lines />
            </method>
            <method name=".ctor" signature="(System.String,System.String)" line-rate="1" branch-rate="1" complexity="NaN">
              <lines />
            </method>
          </methods>
          <lines />
        </class>
        <class name="NUnit.VisualStudio.TestAdapter.NavigationData" filename="D:\repos\NUnit\nunit3-vs-adapter\src\NUnitTestAdapter\NavigationData.cs" line-rate="1" branch-rate="1" complexity="1">
          <methods>
            <method name="FilePath" signature="()" line-rate="1" branch-rate="1" complexity="NaN">
              <lines />
            </method>
            <method name="LineNumber" signature="()" line-rate="1" branch-rate="1" complexity="NaN">
              <lines />
            </method>
            <method name="IsValid" signature="()" line-rate="1" branch-rate="1" complexity="NaN">
              <lines />
            </method>
            <method name=".ctor" signature="(System.String,System.Int32)" line-rate="1" branch-rate="1" complexity="NaN">
              <lines />
            </method>
            <method name=".cctor" signature="()" line-rate="1" branch-rate="1" complexity="1">
              <lines />
            </method>
          </methods>
          <lines />
        </class>
        <class name="NUnit.VisualStudio.TestAdapter.NavigationDataProvider" filename="D:\repos\NUnit\nunit3-vs-adapter\src\NUnitTestAdapter\NavigationDataProvider.cs" line-rate="1" branch-rate="1" complexity="3">
          <methods>
            <method name=".ctor" signature="(System.String,NUnit.VisualStudio.TestAdapter.ITestLogger)" line-rate="1" branch-rate="1" complexity="NaN">
              <lines />
            </method>
            <method name="CreateMetadataProvider" signature="(System.String)" line-rate="1" branch-rate="1" complexity="NaN">
              <lines />
            </method>
            <method name=".ctor" signature="(System.String,NUnit.VisualStudio.TestAdapter.ITestLogger,NUnit.VisualStudio.TestAdapter.Metadata.IMetadataProvider)" line-rate="1" branch-rate="1" complexity="NaN">
              <lines />
            </method>
            <method name="Dispose" signature="()" line-rate="1" branch-rate="1" complexity="3">
              <lines />
            </method>
            <method name="GetNavigationData" signature="(System.String,System.String)" line-rate="1" branch-rate="1" complexity="NaN">
              <lines />
            </method>
            <method name="DoWithBreaker" signature="(System.Func`4&lt;System.String,System.String,System.String,System.Nullable`1&lt;NUnit.VisualStudio.TestAdapter.Metadata.TypeInfo&gt;&gt;,System.String,System.String)" line-rate="1" branch-rate="1" complexity="NaN">
              <lines />
            </method>
            <method name="TryGetSessionData" signature="(System.String,System.String,System.String)" line-rate="1" branch-rate="1" complexity="NaN">
              <lines />
            </method>
            <method name="TryGetSessionData" signature="(System.Nullable`1&lt;NUnit.VisualStudio.TestAdapter.Metadata.TypeInfo&gt;,System.String)" line-rate="1" branch-rate="1" complexity="NaN">
              <lines />
            </method>
          </methods>
          <lines />
        </class>
        <class name="NUnit.VisualStudio.TestAdapter.NTrait" filename="D:\repos\NUnit\nunit3-vs-adapter\src\NUnitTestAdapter\TraitsFeature.cs" line-rate="1" branch-rate="1" complexity="NaN">
          <methods>
            <method name="Name" signature="()" line-rate="1" branch-rate="1" complexity="NaN">
              <lines />
            </method>
            <method name="Value" signature="()" line-rate="1" branch-rate="1" complexity="NaN">
              <lines />
            </method>
            <method name=".ctor" signature="(System.String,System.String)" line-rate="1" branch-rate="1" complexity="NaN">
              <lines />
            </method>
          </methods>
          <lines />
        </class>
        <class name="NUnit.VisualStudio.TestAdapter.NTraitNameComparer" filename="D:\repos\NUnit\nunit3-vs-adapter\src\NUnitTestAdapter\VsTestFilter.cs" line-rate="1" branch-rate="1" complexity="NaN">
          <methods>
            <method name="Equals" signature="(NUnit.VisualStudio.TestAdapter.NTrait,NUnit.VisualStudio.TestAdapter.NTrait)" line-rate="1" branch-rate="1" complexity="NaN">
              <lines />
            </method>
            <method name="GetHashCode" signature="(NUnit.VisualStudio.TestAdapter.NTrait)" line-rate="1" branch-rate="1" complexity="NaN">
              <lines />
            </method>
          </methods>
          <lines />
        </class>
        <class name="NUnit.VisualStudio.TestAdapter.NUnit3TestDiscoverer" filename="D:\repos\NUnit\nunit3-vs-adapter\src\NUnitTestAdapter\NUnit3TestDiscoverer.cs" line-rate="1" branch-rate="1" complexity="3">
          <methods>
            <method name="DiscoverTests" signature="(System.Collections.Generic.IEnumerable`1&lt;System.String&gt;,Microsoft.VisualStudio.TestPlatform.ObjectModel.Adapter.IDiscoveryContext,Microsoft.VisualStudio.TestPlatform.ObjectModel.Logging.IMessageLogger,Microsoft.VisualStudio.TestPlatform.ObjectModel.Adapter.ITestCaseDiscoverySink)" line-rate="1" branch-rate="1" complexity="NaN">
              <lines />
            </method>
            <method name="ProcessTestCases" signature="(NUnit.VisualStudio.TestAdapter.NUnitEngine.NUnitResults,Microsoft.VisualStudio.TestPlatform.ObjectModel.Adapter.ITestCaseDiscoverySink,NUnit.VisualStudio.TestAdapter.TestConverterForXml)" line-rate="1" branch-rate="1" complexity="NaN">
              <lines />
            </method>
            <method name="CheckIfDebug" signature="()" line-rate="1" branch-rate="1" complexity="3">
              <lines />
            </method>
          </methods>
          <lines />
        </class>
        <class name="NUnit.VisualStudio.TestAdapter.NUnit3TestExecutor" filename="D:\repos\NUnit\nunit3-vs-adapter\src\NUnitTestAdapter\NUnit3TestExecutor.cs" line-rate="1" branch-rate="1" complexity="18">
          <methods>
            <method name="RunType" signature="()" line-rate="1" branch-rate="1" complexity="NaN">
              <lines />
            </method>
            <method name="RunType" signature="(NUnit.VisualStudio.TestAdapter.RunType)" line-rate="1" branch-rate="1" complexity="NaN">
              <lines />
            </method>
            <method name="RunContext" signature="()" line-rate="1" branch-rate="1" complexity="NaN">
              <lines />
            </method>
            <method name="RunContext" signature="(Microsoft.VisualStudio.TestPlatform.ObjectModel.Adapter.IRunContext)" line-rate="1" branch-rate="1" complexity="NaN">
              <lines />
            </method>
            <method name="FrameworkHandle" signature="()" line-rate="1" branch-rate="1" complexity="NaN">
              <lines />
            </method>
            <method name="FrameworkHandle" signature="(Microsoft.VisualStudio.TestPlatform.ObjectModel.Adapter.IFrameworkHandle)" line-rate="1" branch-rate="1" complexity="NaN">
              <lines />
            </method>
            <method name="VsTestFilter" signature="()" line-rate="1" branch-rate="1" complexity="NaN">
              <lines />
            </method>
            <method name="VsTestFilter" signature="(NUnit.VisualStudio.TestAdapter.IVsTestFilter)" line-rate="1" branch-rate="1" complexity="NaN">
              <lines />
            </method>
            <method name="Log" signature="()" line-rate="1" branch-rate="1" complexity="NaN">
              <lines />
            </method>
            <method name="EngineAdapter" signature="()" line-rate="1" branch-rate="1" complexity="NaN">
              <lines />
            </method>
            <method name="TestOutputXmlFolder" signature="()" line-rate="1" branch-rate="1" complexity="NaN">
              <lines />
            </method>
            <method name="TestOutputXmlFolder" signature="(System.String)" line-rate="1" branch-rate="1" complexity="NaN">
              <lines />
            </method>
            <method name="Dump" signature="()" line-rate="1" branch-rate="1" complexity="NaN">
              <lines />
            </method>
            <method name="Dump" signature="(NUnit.VisualStudio.TestAdapter.Dump.IDumpXml)" line-rate="1" branch-rate="1" complexity="NaN">
              <lines />
            </method>
            <method name="RunTests" signature="(System.Collections.Generic.IEnumerable`1&lt;System.String&gt;,Microsoft.VisualStudio.TestPlatform.ObjectModel.Adapter.IRunContext,Microsoft.VisualStudio.TestPlatform.ObjectModel.Adapter.IFrameworkHandle)" line-rate="1" branch-rate="1" complexity="NaN">
              <lines />
            </method>
            <method name="SetRunTypeByStrings" signature="()" line-rate="1" branch-rate="1" complexity="7">
              <lines />
            </method>
            <method name="RunTests" signature="(System.Collections.Generic.IEnumerable`1&lt;Microsoft.VisualStudio.TestPlatform.ObjectModel.TestCase&gt;,Microsoft.VisualStudio.TestPlatform.ObjectModel.Adapter.IRunContext,Microsoft.VisualStudio.TestPlatform.ObjectModel.Adapter.IFrameworkHandle)" line-rate="1" branch-rate="1" complexity="NaN">
              <lines />
            </method>
            <method name="IsInProcDataCollectorsSpecifiedWithMultipleAssemblies" signature="(System.Collections.Generic.IEnumerable`1&lt;System.Linq.IGrouping`2&lt;System.String,Microsoft.VisualStudio.TestPlatform.ObjectModel.TestCase&gt;&gt;)" line-rate="1" branch-rate="1" complexity="NaN">
              <lines />
            </method>
            <method name="Microsoft.VisualStudio.TestPlatform.ObjectModel.Adapter.ITestExecutor.Cancel" signature="()" line-rate="1" branch-rate="1" complexity="1">
              <lines />
            </method>
            <method name="Dispose" signature="()" line-rate="1" branch-rate="1" complexity="1">
              <lines />
            </method>
            <method name="InitializeForExecution" signature="(Microsoft.VisualStudio.TestPlatform.ObjectModel.Adapter.IRunContext,Microsoft.VisualStudio.TestPlatform.ObjectModel.Adapter.IFrameworkHandle)" line-rate="1" branch-rate="1" complexity="NaN">
              <lines />
            </method>
            <method name="RunAssembly" signature="(System.String,System.Linq.IGrouping`2&lt;System.String,Microsoft.VisualStudio.TestPlatform.ObjectModel.TestCase&gt;,NUnit.Engine.TestFilter)" line-rate="1" branch-rate="1" complexity="NaN">
              <lines />
            </method>
            <method name="LogActionAndSelection" signature="(System.String,NUnit.Engine.TestFilter)" line-rate="1" branch-rate="1" complexity="NaN">
              <lines />
            </method>
            <method name="RestoreRandomSeed" signature="(System.String)" line-rate="1" branch-rate="1" complexity="NaN">
              <lines />
            </method>
            <method name="CreateTestFilterBuilder" signature="()" line-rate="1" branch-rate="1" complexity="1">
              <lines />
            </method>
            <method name="CreateTestOutputFolder" signature="()" line-rate="1" branch-rate="1" complexity="2">
              <lines />
            </method>
            <method name="StopRun" signature="()" line-rate="1" branch-rate="1" complexity="2">
              <lines />
            </method>
            <method name="CheckIfDebug" signature="()" line-rate="1" branch-rate="1" complexity="3">
              <lines />
            </method>
            <method name=".ctor" signature="()" line-rate="1" branch-rate="1" complexity="1">
              <lines />
            </method>
          </methods>
          <lines />
        </class>
        <class name="NUnit.VisualStudio.TestAdapter.NUnitEngine.BaseProperties" filename="D:\repos\NUnit\nunit3-vs-adapter\src\NUnitTestAdapter\NUnitEngine\DiscoveryConverter.cs" line-rate="1" branch-rate="1" complexity="NaN">
          <methods>
            <method name="Properties" signature="()" line-rate="1" branch-rate="1" complexity="NaN">
              <lines />
            </method>
            <method name="Id" signature="()" line-rate="1" branch-rate="1" complexity="NaN">
              <lines />
            </method>
            <method name="Name" signature="()" line-rate="1" branch-rate="1" complexity="NaN">
              <lines />
            </method>
            <method name="Fullname" signature="()" line-rate="1" branch-rate="1" complexity="NaN">
              <lines />
            </method>
            <method name="RunState" signature="()" line-rate="1" branch-rate="1" complexity="NaN">
              <lines />
            </method>
            <method name="TestCaseCount" signature="()" line-rate="1" branch-rate="1" complexity="NaN">
              <lines />
            </method>
            <method name=".ctor" signature="(System.String,System.String,System.String,System.Int32,NUnit.VisualStudio.TestAdapter.NUnitEngine.RunStateEnum)" line-rate="1" branch-rate="1" complexity="NaN">
              <lines />
            </method>
          </methods>
          <lines />
        </class>
        <class name="NUnit.VisualStudio.TestAdapter.NUnitEngine.DiscoveryConverter" filename="D:\repos\NUnit\nunit3-vs-adapter\src\NUnitTestAdapter\NUnitEngine\DiscoveryConverter.cs" line-rate="1" branch-rate="1" complexity="NaN">
          <methods>
            <method name="TestConverterForXml" signature="()" line-rate="1" branch-rate="1" complexity="NaN">
              <lines />
            </method>
            <method name="TestConverter" signature="()" line-rate="1" branch-rate="1" complexity="NaN">
              <lines />
            </method>
            <method name="TestRun" signature="()" line-rate="1" branch-rate="1" complexity="NaN">
              <lines />
            </method>
            <method name="TestRun" signature="(NUnit.VisualStudio.TestAdapter.NUnitEngine.NUnitDiscoveryTestRun)" line-rate="1" branch-rate="1" complexity="NaN">
              <lines />
            </method>
            <method name="IsDiscoveryMethodCurrent" signature="()" line-rate="1" branch-rate="1" complexity="NaN">
              <lines />
            </method>
            <method name="CurrentTestAssembly" signature="()" line-rate="1" branch-rate="1" complexity="NaN">
              <lines />
            </method>
            <method name="TopLevelTestSuite" signature="()" line-rate="1" branch-rate="1" complexity="NaN">
              <lines />
            </method>
            <method name="AllTestCases" signature="()" line-rate="1" branch-rate="1" complexity="NaN">
              <lines />
            </method>
            <method name="IsExplicitRun" signature="()" line-rate="1" branch-rate="1" complexity="NaN">
              <lines />
            </method>
            <method name="NoOfExplicitTestCases" signature="()" line-rate="1" branch-rate="1" complexity="NaN">
              <lines />
            </method>
            <method name="HasExplicitTests" signature="()" line-rate="1" branch-rate="1" complexity="NaN">
              <lines />
            </method>
            <method name="LoadedTestCases" signature="()" line-rate="1" branch-rate="1" complexity="NaN">
              <lines />
            </method>
            <method name="NoOfLoadedTestCases" signature="()" line-rate="1" branch-rate="1" complexity="NaN">
              <lines />
            </method>
            <method name="AssemblyPath" signature="()" line-rate="1" branch-rate="1" complexity="NaN">
              <lines />
            </method>
            <method name="AssemblyPath" signature="(System.String)" line-rate="1" branch-rate="1" complexity="NaN">
              <lines />
            </method>
            <method name="Settings" signature="()" line-rate="1" branch-rate="1" complexity="NaN">
              <lines />
            </method>
            <method name="TestLog" signature="()" line-rate="1" branch-rate="1" complexity="NaN">
              <lines />
            </method>
            <method name="NoOfLoadedTestCasesAboveLimit" signature="()" line-rate="1" branch-rate="1" complexity="NaN">
              <lines />
            </method>
            <method name="GetExplicitTestCases" signature="(System.Collections.Generic.IEnumerable`1&lt;Microsoft.VisualStudio.TestPlatform.ObjectModel.TestCase&gt;)" line-rate="1" branch-rate="1" complexity="NaN">
              <lines />
            </method>
            <method name=".ctor" signature="(NUnit.VisualStudio.TestAdapter.ITestLogger,NUnit.VisualStudio.TestAdapter.IAdapterSettings)" line-rate="1" branch-rate="1" complexity="NaN">
              <lines />
            </method>
            <method name="Convert" signature="(NUnit.VisualStudio.TestAdapter.NUnitEngine.NUnitResults,System.String)" line-rate="1" branch-rate="1" complexity="NaN">
              <lines />
            </method>
            <method name="ConvertXml" signature="(NUnit.VisualStudio.TestAdapter.NUnitEngine.NUnitResults)" line-rate="1" branch-rate="1" complexity="NaN">
              <lines />
            </method>
            <method name="ExtractTestSuite" signature="(System.Xml.Linq.XElement,NUnit.VisualStudio.TestAdapter.NUnitEngine.NUnitDiscoverySuiteBase)" line-rate="1" branch-rate="1" complexity="NaN">
              <lines />
            </method>
            <method name="ExtractAllFixtures" signature="(NUnit.VisualStudio.TestAdapter.NUnitEngine.NUnitDiscoveryCanHaveTestFixture,System.Xml.Linq.XElement)" line-rate="1" branch-rate="1" complexity="NaN">
              <lines />
            </method>
            <method name="ExtractTestFixtures" signature="(NUnit.VisualStudio.TestAdapter.NUnitEngine.NUnitDiscoveryCanHaveTestFixture,System.Xml.Linq.XElement)" line-rate="1" branch-rate="1" complexity="NaN">
              <lines />
            </method>
            <method name="ExtractParameterizedMethodsAndTheories" signature="(NUnit.VisualStudio.TestAdapter.NUnitEngine.NUnitDiscoveryTestFixture,System.Xml.Linq.XElement)" line-rate="1" branch-rate="1" complexity="NaN">
              <lines />
            </method>
            <method name="ExtractTestCases" signature="(NUnit.VisualStudio.TestAdapter.NUnitEngine.INUnitDiscoveryCanHaveTestCases,System.Xml.Linq.XElement)" line-rate="1" branch-rate="1" complexity="NaN">
              <lines />
            </method>
            <method name="ExtractTestCase" signature="(NUnit.VisualStudio.TestAdapter.NUnitEngine.INUnitDiscoveryCanHaveTestCases,System.Xml.Linq.XElement)" line-rate="1" branch-rate="1" complexity="NaN">
              <lines />
            </method>
            <method name="ExtractTestFixture" signature="(NUnit.VisualStudio.TestAdapter.NUnitEngine.INUnitDiscoveryCanHaveTestFixture,System.Xml.Linq.XElement,System.String)" line-rate="1" branch-rate="1" complexity="NaN">
              <lines />
            </method>
            <method name="ExtractGenericTestFixture" signature="(NUnit.VisualStudio.TestAdapter.NUnitEngine.NUnitDiscoveryCanHaveTestFixture,System.Xml.Linq.XElement)" line-rate="1" branch-rate="1" complexity="NaN">
              <lines />
            </method>
            <method name="ExtractSetUpTestFixture" signature="(NUnit.VisualStudio.TestAdapter.NUnitEngine.NUnitDiscoveryCanHaveTestFixture,System.Xml.Linq.XElement,System.String)" line-rate="1" branch-rate="1" complexity="NaN">
              <lines />
            </method>
            <method name="ExtractParameterizedTestFixture" signature="(NUnit.VisualStudio.TestAdapter.NUnitEngine.NUnitDiscoveryCanHaveTestFixture,System.Xml.Linq.XElement)" line-rate="1" branch-rate="1" complexity="NaN">
              <lines />
            </method>
            <method name="ExtractTestAssembly" signature="(System.Xml.Linq.XElement,NUnit.VisualStudio.TestAdapter.NUnitEngine.NUnitDiscoveryTestRun)" line-rate="1" branch-rate="1" complexity="NaN">
              <lines />
            </method>
            <method name="ExtractSuiteBasePropertiesClass" signature="(System.Xml.Linq.XElement)" line-rate="1" branch-rate="1" complexity="NaN">
              <lines />
            </method>
            <method name="ExtractTestRun" signature="(System.Xml.Linq.XDocument)" line-rate="1" branch-rate="1" complexity="NaN">
              <lines />
            </method>
            <method name="ExtractRunState" signature="(System.Xml.Linq.XElement)" line-rate="1" branch-rate="1" complexity="NaN">
              <lines />
            </method>
          </methods>
          <lines />
        </class>
        <class name="NUnit.VisualStudio.TestAdapter.NUnitEngine.DiscoveryException" filename="D:\repos\NUnit\nunit3-vs-adapter\src\NUnitTestAdapter\NUnitEngine\DiscoveryException.cs" line-rate="1" branch-rate="1" complexity="1">
          <methods>
            <method name=".ctor" signature="()" line-rate="1" branch-rate="1" complexity="1">
              <lines />
            </method>
            <method name=".ctor" signature="(System.String)" line-rate="1" branch-rate="1" complexity="NaN">
              <lines />
            </method>
            <method name=".ctor" signature="(System.String,System.Exception)" line-rate="1" branch-rate="1" complexity="NaN">
              <lines />
            </method>
            <method name=".ctor" signature="(System.Runtime.Serialization.SerializationInfo,System.Runtime.Serialization.StreamingContext)" line-rate="1" branch-rate="1" complexity="NaN">
              <lines />
            </method>
          </methods>
          <lines />
        </class>
        <class name="NUnit.VisualStudio.TestAdapter.NUnitEngine.Extensions" filename="D:\repos\NUnit\nunit3-vs-adapter\src\NUnitTestAdapter\NUnitEngine\Extensions.cs" line-rate="1" branch-rate="1" complexity="NaN">
          <methods>
            <method name="AllWithEmptyFalse" signature="(System.Collections.Generic.IEnumerable`1&lt;T&gt;,System.Func`2&lt;T,System.Boolean&gt;)" line-rate="1" branch-rate="1" complexity="NaN">
              <lines />
            </method>
            <method name="IsEmpty" signature="(NUnit.Engine.TestFilter)" line-rate="1" branch-rate="1" complexity="NaN">
              <lines />
            </method>
            <method name="IsCategoryFilter" signature="(NUnit.Engine.TestFilter)" line-rate="1" branch-rate="1" complexity="NaN">
              <lines />
            </method>
            <method name="IsNegativeCategoryFilter" signature="(NUnit.Engine.TestFilter)" line-rate="1" branch-rate="1" complexity="NaN">
              <lines />
            </method>
          </methods>
          <lines />
        </class>
        <class name="NUnit.VisualStudio.TestAdapter.NUnitEngine.NUnitAttachment" filename="D:\repos\NUnit\nunit3-vs-adapter\src\NUnitTestAdapter\NUnitEngine\NUnitTestEvent.cs" line-rate="1" branch-rate="1" complexity="NaN">
          <methods>
            <method name="FilePath" signature="()" line-rate="1" branch-rate="1" complexity="NaN">
              <lines />
            </method>
            <method name="Description" signature="()" line-rate="1" branch-rate="1" complexity="NaN">
              <lines />
            </method>
            <method name=".ctor" signature="(System.String,System.String)" line-rate="1" branch-rate="1" complexity="NaN">
              <lines />
            </method>
          </methods>
          <lines />
        </class>
        <class name="NUnit.VisualStudio.TestAdapter.NUnitEngine.NUnitDiscoveryCanHaveTestCases" filename="D:\repos\NUnit\nunit3-vs-adapter\src\NUnitTestAdapter\NUnitEngine\NUnitDiscoveryTestClasses.cs" line-rate="1" branch-rate="1" complexity="NaN">
          <methods>
            <method name="TestCases" signature="()" line-rate="1" branch-rate="1" complexity="NaN">
              <lines />
            </method>
            <method name="NoOfActualTestCases" signature="()" line-rate="1" branch-rate="1" complexity="NaN">
              <lines />
            </method>
            <method name="IsExplicit" signature="()" line-rate="1" branch-rate="1" complexity="NaN">
              <lines />
            </method>
            <method name="ClassName" signature="()" line-rate="1" branch-rate="1" complexity="NaN">
              <lines />
            </method>
            <method name="AddTestCase" signature="(NUnit.VisualStudio.TestAdapter.NUnitEngine.NUnitDiscoveryTestCase)" line-rate="1" branch-rate="1" complexity="NaN">
              <lines />
            </method>
            <method name=".ctor" signature="(NUnit.VisualStudio.TestAdapter.NUnitEngine.BaseProperties,NUnit.VisualStudio.TestAdapter.NUnitEngine.INUnitDiscoverySuiteBase,System.String)" line-rate="1" branch-rate="1" complexity="NaN">
              <lines />
            </method>
          </methods>
          <lines />
        </class>
        <class name="NUnit.VisualStudio.TestAdapter.NUnitEngine.NUnitDiscoveryCanHaveTestFixture" filename="D:\repos\NUnit\nunit3-vs-adapter\src\NUnitTestAdapter\NUnitEngine\NUnitDiscoveryTestClasses.cs" line-rate="1" branch-rate="1" complexity="NaN">
          <methods>
            <method name="TestFixtures" signature="()" line-rate="1" branch-rate="1" complexity="NaN">
              <lines />
            </method>
            <method name="TestSuites" signature="()" line-rate="1" branch-rate="1" complexity="NaN">
              <lines />
            </method>
            <method name="SetUpFixtures" signature="()" line-rate="1" branch-rate="1" complexity="NaN">
              <lines />
            </method>
            <method name="ParameterizedFixtures" signature="()" line-rate="1" branch-rate="1" complexity="NaN">
              <lines />
            </method>
            <method name="GenericFixtures" signature="()" line-rate="1" branch-rate="1" complexity="NaN">
              <lines />
            </method>
            <method name="IsExplicit" signature="()" line-rate="1" branch-rate="1" complexity="NaN">
              <lines />
            </method>
            <method name="NoOfActualTestCases" signature="()" line-rate="1" branch-rate="1" complexity="NaN">
              <lines />
            </method>
            <method name="AddTestFixture" signature="(NUnit.VisualStudio.TestAdapter.NUnitEngine.NUnitDiscoveryTestFixture)" line-rate="1" branch-rate="1" complexity="NaN">
              <lines />
            </method>
            <method name=".ctor" signature="(NUnit.VisualStudio.TestAdapter.NUnitEngine.BaseProperties,NUnit.VisualStudio.TestAdapter.NUnitEngine.INUnitDiscoverySuiteBase)" line-rate="1" branch-rate="1" complexity="NaN">
              <lines />
            </method>
            <method name="AddTestSuite" signature="(NUnit.VisualStudio.TestAdapter.NUnitEngine.NUnitDiscoveryTestSuite)" line-rate="1" branch-rate="1" complexity="NaN">
              <lines />
            </method>
            <method name="AddTestGenericFixture" signature="(NUnit.VisualStudio.TestAdapter.NUnitEngine.NUnitDiscoveryGenericFixture)" line-rate="1" branch-rate="1" complexity="NaN">
              <lines />
            </method>
            <method name="AddSetUpFixture" signature="(NUnit.VisualStudio.TestAdapter.NUnitEngine.NUnitDiscoverySetUpFixture)" line-rate="1" branch-rate="1" complexity="NaN">
              <lines />
            </method>
            <method name="AddParameterizedFixture" signature="(NUnit.VisualStudio.TestAdapter.NUnitEngine.NUnitDiscoveryParameterizedTestFixture)" line-rate="1" branch-rate="1" complexity="NaN">
              <lines />
            </method>
          </methods>
          <lines />
        </class>
        <class name="NUnit.VisualStudio.TestAdapter.NUnitEngine.NUnitDiscoveryGenericFixture" filename="D:\repos\NUnit\nunit3-vs-adapter\src\NUnitTestAdapter\NUnitEngine\NUnitDiscoveryTestClasses.cs" line-rate="1" branch-rate="1" complexity="NaN">
          <methods>
            <method name=".ctor" signature="(NUnit.VisualStudio.TestAdapter.NUnitEngine.BaseProperties,NUnit.VisualStudio.TestAdapter.NUnitEngine.INUnitDiscoverySuiteBase)" line-rate="1" branch-rate="1" complexity="NaN">
              <lines />
            </method>
          </methods>
          <lines />
        </class>
        <class name="NUnit.VisualStudio.TestAdapter.NUnitEngine.NUnitDiscoveryGenericMethod" filename="D:\repos\NUnit\nunit3-vs-adapter\src\NUnitTestAdapter\NUnitEngine\NUnitDiscoveryTestClasses.cs" line-rate="1" branch-rate="1" complexity="NaN">
          <methods>
            <method name=".ctor" signature="(NUnit.VisualStudio.TestAdapter.NUnitEngine.BaseProperties,System.String,NUnit.VisualStudio.TestAdapter.NUnitEngine.INUnitDiscoverySuiteBase)" line-rate="1" branch-rate="1" complexity="NaN">
              <lines />
            </method>
          </methods>
          <lines />
        </class>
        <class name="NUnit.VisualStudio.TestAdapter.NUnitEngine.NUnitDiscoveryParameterizedMethod" filename="D:\repos\NUnit\nunit3-vs-adapter\src\NUnitTestAdapter\NUnitEngine\NUnitDiscoveryTestClasses.cs" line-rate="1" branch-rate="1" complexity="NaN">
          <methods>
            <method name="IsParameterizedMethod" signature="()" line-rate="1" branch-rate="1" complexity="NaN">
              <lines />
            </method>
            <method name=".ctor" signature="(NUnit.VisualStudio.TestAdapter.NUnitEngine.BaseProperties,System.String,NUnit.VisualStudio.TestAdapter.NUnitEngine.INUnitDiscoverySuiteBase)" line-rate="1" branch-rate="1" complexity="NaN">
              <lines />
            </method>
          </methods>
          <lines />
        </class>
        <class name="NUnit.VisualStudio.TestAdapter.NUnitEngine.NUnitDiscoveryParameterizedTestFixture" filename="D:\repos\NUnit\nunit3-vs-adapter\src\NUnitTestAdapter\NUnitEngine\NUnitDiscoveryTestClasses.cs" line-rate="1" branch-rate="1" complexity="NaN">
          <methods>
            <method name=".ctor" signature="(NUnit.VisualStudio.TestAdapter.NUnitEngine.BaseProperties,NUnit.VisualStudio.TestAdapter.NUnitEngine.NUnitDiscoveryCanHaveTestFixture)" line-rate="1" branch-rate="1" complexity="NaN">
              <lines />
            </method>
          </methods>
          <lines />
        </class>
        <class name="NUnit.VisualStudio.TestAdapter.NUnitEngine.NUnitDiscoveryProperties" filename="D:\repos\NUnit\nunit3-vs-adapter\src\NUnitTestAdapter\NUnitEngine\NUnitDiscoveryTestClasses.cs" line-rate="1" branch-rate="1" complexity="1">
          <methods>
            <method name="TheProperties" signature="()" line-rate="1" branch-rate="1" complexity="NaN">
              <lines />
            </method>
            <method name="Properties" signature="()" line-rate="1" branch-rate="1" complexity="NaN">
              <lines />
            </method>
            <method name="AllInternal" signature="()" line-rate="1" branch-rate="1" complexity="NaN">
              <lines />
            </method>
            <method name="Add" signature="(NUnit.VisualStudio.TestAdapter.NUnitEngine.NUnitProperty)" line-rate="1" branch-rate="1" complexity="NaN">
              <lines />
            </method>
            <method name=".ctor" signature="()" line-rate="1" branch-rate="1" complexity="1">
              <lines />
            </method>
          </methods>
          <lines />
        </class>
        <class name="NUnit.VisualStudio.TestAdapter.NUnitEngine.NUnitDiscoverySetUpFixture" filename="D:\repos\NUnit\nunit3-vs-adapter\src\NUnitTestAdapter\NUnitEngine\NUnitDiscoveryTestClasses.cs" line-rate="1" branch-rate="1" complexity="NaN">
          <methods>
            <method name="ClassName" signature="()" line-rate="1" branch-rate="1" complexity="NaN">
              <lines />
            </method>
            <method name=".ctor" signature="(NUnit.VisualStudio.TestAdapter.NUnitEngine.BaseProperties,System.String,NUnit.VisualStudio.TestAdapter.NUnitEngine.NUnitDiscoveryCanHaveTestFixture)" line-rate="1" branch-rate="1" complexity="NaN">
              <lines />
            </method>
          </methods>
          <lines />
        </class>
        <class name="NUnit.VisualStudio.TestAdapter.NUnitEngine.NUnitDiscoverySuiteBase" filename="D:\repos\NUnit\nunit3-vs-adapter\src\NUnitTestAdapter\NUnitEngine\NUnitDiscoveryTestClasses.cs" line-rate="1" branch-rate="1" complexity="NaN">
          <methods>
            <method name="Id" signature="()" line-rate="1" branch-rate="1" complexity="NaN">
              <lines />
            </method>
            <method name="Name" signature="()" line-rate="1" branch-rate="1" complexity="NaN">
              <lines />
            </method>
            <method name="FullName" signature="()" line-rate="1" branch-rate="1" complexity="NaN">
              <lines />
            </method>
            <method name="TestCaseCount" signature="()" line-rate="1" branch-rate="1" complexity="NaN">
              <lines />
            </method>
            <method name="RunState" signature="()" line-rate="1" branch-rate="1" complexity="NaN">
              <lines />
            </method>
            <method name="Parent" signature="()" line-rate="1" branch-rate="1" complexity="NaN">
              <lines />
            </method>
            <method name="NUnitDiscoveryProperties" signature="()" line-rate="1" branch-rate="1" complexity="NaN">
              <lines />
            </method>
[...]
              <lines />
            </method>
            <method name=".ctor" signature="(System.Runtime.Serialization.SerializationInfo,System.Runtime.Serialization.StreamingContext)" line-rate="1" branch-rate="1" complexity="NaN">
              <lines />
            </method>
          </methods>
          <lines />
        </class>
        <class name="NUnit.VisualStudio.TestAdapter.TestFilterConverter.Token" filename="D:\repos\NUnit\nunit3-vs-adapter\src\NUnitTestAdapter\TestFilterConverter\Tokenizer.cs" line-rate="1" branch-rate="1" complexity="3">
          <methods>
            <method name="Kind" signature="()" line-rate="1" branch-rate="1" complexity="NaN">
              <lines />
            </method>
            <method name="Text" signature="()" line-rate="1" branch-rate="1" complexity="NaN">
              <lines />
            </method>
            <method name="Pos" signature="()" line-rate="1" branch-rate="1" complexity="NaN">
              <lines />
            </method>
            <method name="Pos" signature="(System.Int32)" line-rate="1" branch-rate="1" complexity="NaN">
              <lines />
            </method>
            <method name=".ctor" signature="(NUnit.VisualStudio.TestAdapter.TestFilterConverter.TokenKind)" line-rate="1" branch-rate="1" complexity="NaN">
              <lines />
            </method>
            <method name=".ctor" signature="(NUnit.VisualStudio.TestAdapter.TestFilterConverter.TokenKind,System.Char)" line-rate="1" branch-rate="1" complexity="NaN">
              <lines />
            </method>
            <method name=".ctor" signature="(NUnit.VisualStudio.TestAdapter.TestFilterConverter.TokenKind,System.String)" line-rate="1" branch-rate="1" complexity="NaN">
              <lines />
            </method>
            <method name="Equals" signature="(System.Object)" line-rate="1" branch-rate="1" complexity="NaN">
              <lines />
            </method>
            <method name="GetHashCode" signature="()" line-rate="1" branch-rate="1" complexity="1">
              <lines />
            </method>
            <method name="ToString" signature="()" line-rate="1" branch-rate="1" complexity="2">
              <lines />
            </method>
            <method name="op_Equality" signature="(NUnit.VisualStudio.TestAdapter.TestFilterConverter.Token,NUnit.VisualStudio.TestAdapter.TestFilterConverter.Token)" line-rate="1" branch-rate="1" complexity="NaN">
              <lines />
            </method>
            <method name="op_Inequality" signature="(NUnit.VisualStudio.TestAdapter.TestFilterConverter.Token,NUnit.VisualStudio.TestAdapter.TestFilterConverter.Token)" line-rate="1" branch-rate="1" complexity="NaN">
              <lines />
            </method>
          </methods>
          <lines />
        </class>
        <class name="NUnit.VisualStudio.TestAdapter.TestFilterConverter.Tokenizer" filename="D:\repos\NUnit\nunit3-vs-adapter\src\NUnitTestAdapter\TestFilterConverter\Tokenizer.cs" line-rate="1" branch-rate="1" complexity="18">
          <methods>
            <method name="LookAhead" signature="()" line-rate="1" branch-rate="1" complexity="NaN">
              <lines />
            </method>
            <method name="NextChar" signature="()" line-rate="1" branch-rate="1" complexity="NaN">
              <lines />
            </method>
            <method name=".ctor" signature="(System.String)" line-rate="1" branch-rate="1" complexity="NaN">
              <lines />
            </method>
            <method name="NextToken" signature="()" line-rate="1" branch-rate="1" complexity="2">
              <lines />
            </method>
            <method name="GetNextToken" signature="()" line-rate="1" branch-rate="1" complexity="9">
              <lines />
            </method>
            <method name="IsWordChar" signature="(System.Char)" line-rate="1" branch-rate="1" complexity="NaN">
              <lines />
            </method>
            <method name="GetWordOrFqn" signature="()" line-rate="1" branch-rate="1" complexity="5">
              <lines />
            </method>
            <method name="CollectWordChars" signature="(System.Text.StringBuilder)" line-rate="1" branch-rate="1" complexity="NaN">
              <lines />
            </method>
            <method name="CollectBalancedParentheticalExpression" signature="(System.Text.StringBuilder)" line-rate="1" branch-rate="1" complexity="NaN">
              <lines />
            </method>
            <method name="CollectQuotedString" signature="(System.Text.StringBuilder)" line-rate="1" branch-rate="1" complexity="NaN">
              <lines />
            </method>
            <method name="GetChar" signature="()" line-rate="1" branch-rate="1" complexity="2">
              <lines />
            </method>
            <method name="SkipBlanks" signature="()" line-rate="1" branch-rate="1" complexity="NaN">
              <lines />
            </method>
          </methods>
          <lines />
        </class>
        <class name="NUnit.VisualStudio.TestAdapter.TestLogger" filename="D:\repos\NUnit\nunit3-vs-adapter\src\NUnitTestAdapter\TestLogger.cs" line-rate="1" branch-rate="1" complexity="1">
          <methods>
            <method name="MessageLogger" signature="()" line-rate="1" branch-rate="1" complexity="NaN">
              <lines />
            </method>
            <method name="Verbosity" signature="()" line-rate="1" branch-rate="1" complexity="NaN">
              <lines />
            </method>
            <method name="Verbosity" signature="(System.Int32)" line-rate="1" branch-rate="1" complexity="NaN">
              <lines />
            </method>
            <method name=".ctor" signature="(Microsoft.VisualStudio.TestPlatform.ObjectModel.Logging.IMessageLogger)" line-rate="1" branch-rate="1" complexity="NaN">
              <lines />
            </method>
            <method name="InitSettings" signature="(NUnit.VisualStudio.TestAdapter.IAdapterSettings)" line-rate="1" branch-rate="1" complexity="NaN">
              <lines />
            </method>
            <method name="Error" signature="(System.String)" line-rate="1" branch-rate="1" complexity="NaN">
              <lines />
            </method>
            <method name="Error" signature="(System.String,System.Exception)" line-rate="1" branch-rate="1" complexity="NaN">
              <lines />
            </method>
            <method name="Warning" signature="(System.String)" line-rate="1" branch-rate="1" complexity="NaN">
              <lines />
            </method>
            <method name="Warning" signature="(System.String,System.Exception)" line-rate="1" branch-rate="1" complexity="NaN">
              <lines />
            </method>
            <method name="Info" signature="(System.String)" line-rate="1" branch-rate="1" complexity="NaN">
              <lines />
            </method>
            <method name="Debug" signature="(System.String)" line-rate="1" branch-rate="1" complexity="NaN">
              <lines />
            </method>
            <method name="SendMessage" signature="(Microsoft.VisualStudio.TestPlatform.ObjectModel.Logging.TestMessageLevel,System.String)" line-rate="1" branch-rate="1" complexity="NaN">
              <lines />
            </method>
            <method name="SendMessage" signature="(Microsoft.VisualStudio.TestPlatform.ObjectModel.Logging.TestMessageLevel,System.String,System.Exception)" line-rate="1" branch-rate="1" complexity="NaN">
              <lines />
            </method>
            <method name="DebugRunfrom" signature="()" line-rate="1" branch-rate="1" complexity="1">
              <lines />
            </method>
            <method name="InfoNoTests" signature="(System.Boolean,System.String)" line-rate="1" branch-rate="1" complexity="NaN">
              <lines />
            </method>
            <method name="InfoNoTests" signature="(System.String)" line-rate="1" branch-rate="1" complexity="NaN">
              <lines />
            </method>
          </methods>
          <lines />
        </class>
        <class name="NUnit.VisualStudio.TestAdapter.TraitsFeature" filename="D:\repos\NUnit\nunit3-vs-adapter\src\NUnitTestAdapter\TraitsFeature.cs" line-rate="1" branch-rate="1" complexity="1">
          <methods>
            <method name="AddTrait" signature="(Microsoft.VisualStudio.TestPlatform.ObjectModel.TestCase,System.String,System.String)" line-rate="1" branch-rate="1" complexity="NaN">
              <lines />
            </method>
            <method name="AddTraitsFromTestNode" signature="(Microsoft.VisualStudio.TestPlatform.ObjectModel.TestCase,NUnit.VisualStudio.TestAdapter.NUnitEngine.NUnitDiscoveryTestCase,System.Collections.Generic.IDictionary`2&lt;System.String,NUnit.VisualStudio.TestAdapter.TraitsFeature/CachedTestCaseInfo&gt;,NUnit.VisualStudio.TestAdapter.ITestLogger,NUnit.VisualStudio.TestAdapter.IAdapterSettings)" line-rate="1" branch-rate="1" complexity="NaN">
              <lines />
            </method>
            <method name="AddingToCache" signature="(Microsoft.VisualStudio.TestPlatform.ObjectModel.TestCase,System.Collections.Generic.IDictionary`2&lt;System.String,NUnit.VisualStudio.TestAdapter.TraitsFeature/CachedTestCaseInfo&gt;,System.String,NUnit.VisualStudio.TestAdapter.CategoryList,T,System.Func`5&lt;T,System.Boolean,System.String,System.Collections.Generic.IDictionary`2&lt;System.String,NUnit.VisualStudio.TestAdapter.TraitsFeature/CachedTestCaseInfo&gt;,System.Collections.Generic.IEnumerable`1&lt;System.String&gt;&gt;)" line-rate="1" branch-rate="1" complexity="NaN">
              <lines />
            </method>
            <method name="AddTraitsFromXmlTestNode" signature="(Microsoft.VisualStudio.TestPlatform.ObjectModel.TestCase,NUnit.VisualStudio.TestAdapter.NUnitEngine.NUnitEventTestCase,System.Collections.Generic.IDictionary`2&lt;System.String,NUnit.VisualStudio.TestAdapter.TraitsFeature/CachedTestCaseInfo&gt;,NUnit.VisualStudio.TestAdapter.ITestLogger,NUnit.VisualStudio.TestAdapter.IAdapterSettings)" line-rate="1" branch-rate="1" complexity="NaN">
              <lines />
            </method>
            <method name="GetTraits" signature="(Microsoft.VisualStudio.TestPlatform.ObjectModel.TestCase)" line-rate="1" branch-rate="1" complexity="NaN">
              <lines />
            </method>
            <method name="GetCategories" signature="(Microsoft.VisualStudio.TestPlatform.ObjectModel.TestCase)" line-rate="1" branch-rate="1" complexity="NaN">
              <lines />
            </method>
            <method name="Traits" signature="()" line-rate="1" branch-rate="1" complexity="NaN">
              <lines />
            </method>
            <method name="Explicit" signature="()" line-rate="1" branch-rate="1" complexity="NaN">
              <lines />
            </method>
            <method name="Explicit" signature="(System.Boolean)" line-rate="1" branch-rate="1" complexity="NaN">
              <lines />
            </method>
            <method name=".ctor" signature="()" line-rate="1" branch-rate="1" complexity="1">
              <lines />
            </method>
          </methods>
          <lines />
        </class>
        <class name="NUnit.VisualStudio.TestAdapter.TryParse" filename="D:\repos\NUnit\nunit3-vs-adapter\src\NUnitTestAdapter\TryParse.cs" line-rate="1" branch-rate="1" complexity="NaN">
          <methods>
            <method name="EnumTryParse" signature="(System.String,T&amp;)" line-rate="1" branch-rate="1" complexity="NaN">
              <lines />
            </method>
          </methods>
          <lines />
        </class>
        <class name="NUnit.VisualStudio.TestAdapter.VsTestExecution" filename="D:\repos\NUnit\nunit3-vs-adapter\src\NUnitTestAdapter\Execution.cs" line-rate="1" branch-rate="1" complexity="NaN">
          <methods>
            <method name=".ctor" signature="(NUnit.VisualStudio.TestAdapter.IExecutionContext)" line-rate="1" branch-rate="1" complexity="NaN">
              <lines />
            </method>
            <method name="Run" signature="(NUnit.Engine.TestFilter,NUnit.VisualStudio.TestAdapter.NUnitEngine.DiscoveryConverter,NUnit.VisualStudio.TestAdapter.NUnit3TestExecutor)" line-rate="1" branch-rate="1" complexity="NaN">
              <lines />
            </method>
            <method name="CheckVsTestFilter" signature="(NUnit.Engine.TestFilter,NUnit.VisualStudio.TestAdapter.NUnitEngine.IDiscoveryConverter,NUnit.VisualStudio.TestAdapter.IVsTestFilter)" line-rate="1" branch-rate="1" complexity="NaN">
              <lines />
            </method>
            <method name="CheckFilterInCurrentMode" signature="(NUnit.Engine.TestFilter,NUnit.VisualStudio.TestAdapter.NUnitEngine.IDiscoveryConverter)" line-rate="1" branch-rate="1" complexity="NaN">
              <lines />
            </method>
            <method name="CheckAssemblySelectLimit" signature="(NUnit.Engine.TestFilter,System.Int32)" line-rate="1" branch-rate="1" complexity="NaN">
              <lines />
            </method>
          </methods>
          <lines />
        </class>
        <class name="NUnit.VisualStudio.TestAdapter.VsTestFilter" filename="D:\repos\NUnit\nunit3-vs-adapter\src\NUnitTestAdapter\VsTestFilter.cs" line-rate="1" branch-rate="1" complexity="2">
          <methods>
            <method name="TfsTestCaseFilterExpression" signature="()" line-rate="1" branch-rate="1" complexity="NaN">
              <lines />
            </method>
            <method name="IsEmpty" signature="()" line-rate="1" branch-rate="1" complexity="NaN">
              <lines />
            </method>
            <method name=".cctor" signature="()" line-rate="1" branch-rate="1" complexity="NaN">
              <lines />
            </method>
            <method name=".ctor" signature="(Microsoft.VisualStudio.TestPlatform.ObjectModel.Adapter.IRunContext)" line-rate="1" branch-rate="1" complexity="NaN">
              <lines />
            </method>
            <method name="CheckFilter" signature="(System.Collections.Generic.IEnumerable`1&lt;Microsoft.VisualStudio.TestPlatform.ObjectModel.TestCase&gt;)" line-rate="1" branch-rate="1" complexity="NaN">
              <lines />
            </method>
            <method name="PropertyValueProvider" signature="(Microsoft.VisualStudio.TestPlatform.ObjectModel.TestCase,System.String)" line-rate="1" branch-rate="1" complexity="NaN">
              <lines />
            </method>
            <method name="TraitContains" signature="()" line-rate="1" branch-rate="1" complexity="2">
              <lines />
            </method>
            <method name="LocalPropertyProvider" signature="(System.String)" line-rate="1" branch-rate="1" complexity="NaN">
              <lines />
            </method>
            <method name="PropertyProvider" signature="(System.String)" line-rate="1" branch-rate="1" complexity="NaN">
              <lines />
            </method>
            <method name="TraitProvider" signature="(System.String)" line-rate="1" branch-rate="1" complexity="NaN">
              <lines />
            </method>
          </methods>
          <lines />
        </class>
        <class name="NUnit.VisualStudio.TestAdapter.VsTestFilterFactory" filename="D:\repos\NUnit\nunit3-vs-adapter\src\NUnitTestAdapter\VsTestFilter.cs" line-rate="1" branch-rate="1" complexity="NaN">
          <methods>
            <method name="CreateVsTestFilter" signature="(NUnit.VisualStudio.TestAdapter.IAdapterSettings,Microsoft.VisualStudio.TestPlatform.ObjectModel.Adapter.IRunContext)" line-rate="1" branch-rate="1" complexity="NaN">
              <lines />
            </method>
          </methods>
          <lines />
        </class>
        <class name="NUnit.VisualStudio.TestAdapter.VsTestFilterIde" filename="D:\repos\NUnit\nunit3-vs-adapter\src\NUnitTestAdapter\VsTestFilter.cs" line-rate="1" branch-rate="1" complexity="NaN">
          <methods>
            <method name=".ctor" signature="(Microsoft.VisualStudio.TestPlatform.ObjectModel.Adapter.IRunContext)" line-rate="1" branch-rate="1" complexity="NaN">
              <lines />
            </method>
            <method name="CheckFilter" signature="(Microsoft.VisualStudio.TestPlatform.ObjectModel.TestCase)" line-rate="1" branch-rate="1" complexity="NaN">
              <lines />
            </method>
          </methods>
          <lines />
        </class>
        <class name="NUnit.VisualStudio.TestAdapter.VsTestFilterLegacy" filename="D:\repos\NUnit\nunit3-vs-adapter\src\NUnitTestAdapter\VsTestFilter.cs" line-rate="1" branch-rate="1" complexity="NaN">
          <methods>
            <method name=".ctor" signature="(Microsoft.VisualStudio.TestPlatform.ObjectModel.Adapter.IRunContext)" line-rate="1" branch-rate="1" complexity="NaN">
              <lines />
            </method>
            <method name="CheckFilter" signature="(Microsoft.VisualStudio.TestPlatform.ObjectModel.TestCase)" line-rate="1" branch-rate="1" complexity="NaN">
              <lines />
            </method>
          </methods>
          <lines />
        </class>
        <class name="NUnit.VisualStudio.TestAdapter.VsTestFilterNonIde" filename="D:\repos\NUnit\nunit3-vs-adapter\src\NUnitTestAdapter\VsTestFilter.cs" line-rate="1" branch-rate="1" complexity="NaN">
          <methods>
            <method name=".ctor" signature="(Microsoft.VisualStudio.TestPlatform.ObjectModel.Adapter.IRunContext)" line-rate="1" branch-rate="1" complexity="NaN">
              <lines />
            </method>
            <method name="CheckFilter" signature="(Microsoft.VisualStudio.TestPlatform.ObjectModel.TestCase)" line-rate="1" branch-rate="1" complexity="NaN">
              <lines />
            </method>
          </methods>
          <lines />
        </class>
        <class name="NUnit.VisualStudio.TestAdapter.XmlHelper" filename="D:\repos\NUnit\nunit3-vs-adapter\src\NUnitTestAdapter\XmlHelper.cs" line-rate="1" branch-rate="1" complexity="NaN">
          <methods>
            <method name="CreateTopLevelElement" signature="(System.String)" line-rate="1" branch-rate="1" complexity="NaN">
              <lines />
            </method>
            <method name="CreateXmlNode" signature="(System.String)" line-rate="1" branch-rate="1" complexity="NaN">
              <lines />
            </method>
            <method name="ToXml" signature="(System.String)" line-rate="1" branch-rate="1" complexity="NaN">
              <lines />
            </method>
            <method name="AddAttribute" signature="(System.Xml.XmlNode,System.String,System.String)" line-rate="1" branch-rate="1" complexity="NaN">
              <lines />
            </method>
            <method name="AddElement" signature="(System.Xml.XmlNode,System.String)" line-rate="1" branch-rate="1" complexity="NaN">
              <lines />
            </method>
            <method name="AddElementWithCDataSection" signature="(System.Xml.XmlNode,System.String,System.String)" line-rate="1" branch-rate="1" complexity="NaN">
              <lines />
            </method>
            <method name="GetAttribute" signature="(System.Xml.XmlNode,System.String)" line-rate="1" branch-rate="1" complexity="NaN">
              <lines />
            </method>
            <method name="GetAttribute" signature="(System.Xml.XmlNode,System.String,System.Int32)" line-rate="1" branch-rate="1" complexity="NaN">
              <lines />
            </method>
            <method name="GetAttribute" signature="(System.Xml.XmlNode,System.String,System.Double)" line-rate="1" branch-rate="1" complexity="NaN">
              <lines />
            </method>
            <method name="GetAttribute" signature="(System.Xml.XmlNode,System.String,System.DateTime)" line-rate="1" branch-rate="1" complexity="NaN">
              <lines />
            </method>
          </methods>
          <lines />
        </class>
      </classes>
    </package>
  </packages>
</coverage>